INFO:sim:172 - Generating IP...
Applying current project options...
Finished applying current project options.
WARNING:sim - A core named 'sdsd' already exists in the project. Output products
   for this core may be overwritten.
Resolving generics for 'sdsd'...
WARNING:sim - A core named 'sdsd' already exists in the project. Output products
   for this core may be overwritten.
Applying external generics to 'sdsd'...
Delivering associated files for 'sdsd'...
WARNING:sim - Component clk_wiz_v3_6 does not have a valid model name for VHDL
   synthesis
Delivering EJava files for 'sdsd'...
Delivered 3 files into directory
G:/Rohit/Rohit/Projects/TI_ADC_2014/GSoC/HDL/HDMI_Test_v06/ise/ipcore_dir/tmp/_c
g/sdsd
Delivered 1 file into directory
G:/Rohit/Rohit/Projects/TI_ADC_2014/GSoC/HDL/HDMI_Test_v06/ise/ipcore_dir/tmp/_c
g/sdsd
Generating ASY schematic symbol...
Loading device for application Rf_Device from file '6slx45.nph' in environment
G:\Xilinx\14.2\ISE_DS\ISE\.
INFO:sim:949 - Finished generation of ASY schematic symbol.
Generating SYM schematic symbol for 'sdsd'...
Generating ISE project...
XCO file found: sdsd.xco
XMDF file found: sdsd_xmdf.tcl
Adding
G:/Rohit/Rohit/Projects/TI_ADC_2014/GSoC/HDL/HDMI_Test_v06/ise/ipcore_dir/tmp/_c
g/sdsd/example_design/sdsd_exdes.ucf -view all -origin_type created
Adding
G:/Rohit/Rohit/Projects/TI_ADC_2014/GSoC/HDL/HDMI_Test_v06/ise/ipcore_dir/tmp/_c
g/sdsd/example_design/sdsd_exdes.vhd -view all -origin_type created
INFO:HDLCompiler:1061 - Parsing VHDL file
   "G:/Rohit/Rohit/Projects/TI_ADC_2014/GSoC/HDL/HDMI_Test_v06/ise/ipcore_dir/tm
   p/_cg/sdsd/example_design/sdsd_exdes.vhd" into library work
INFO:ProjectMgmt - Parsing design hierarchy completed successfully.
Adding
G:/Rohit/Rohit/Projects/TI_ADC_2014/GSoC/HDL/HDMI_Test_v06/ise/ipcore_dir/tmp/_c
g/sdsd.asy -view all -origin_type imported
Adding
G:/Rohit/Rohit/Projects/TI_ADC_2014/GSoC/HDL/HDMI_Test_v06/ise/ipcore_dir/tmp/_c
g/sdsd.vhd -view all -origin_type created
INFO:HDLCompiler:1061 - Parsing VHDL file
   "G:/Rohit/Rohit/Projects/TI_ADC_2014/GSoC/HDL/HDMI_Test_v06/ise/ipcore_dir/tm
   p/_cg/sdsd.vhd" into library work
INFO:ProjectMgmt - Parsing design hierarchy completed successfully.
Adding
G:/Rohit/Rohit/Projects/TI_ADC_2014/GSoC/HDL/HDMI_Test_v06/ise/ipcore_dir/tmp/_c
g/sdsd.vho -view all -origin_type imported
WARNING: This core does not have a top level called "/sdsd"
WARNING: Top level has been set to "/sdsd_exdes"
Generating README file...
Generating FLIST file...
INFO:sim:948 - Finished FLIST file generation.
Launching README viewer...
Moving files to output directory...
Finished moving files to output directory
Wrote CGP file for project 'sdsd'.
